<?xml version="1.0" encoding="UTF-8"?>
<testsuite name="FeetTest" tests="1" skipped="0" failures="0" errors="0" timestamp="2020-04-21T16:28:16" hostname="Sagar" time="0.017">
  <properties/>
  <testcase name="givenNullObject_ShouldReturnFalse" classname="FeetTest" time="0.017"/>
  <system-out><![CDATA[]]></system-out>
  <system-err><![CDATA[]]></system-err>
</testsuite>
