<?xml version="1.0" encoding="UTF-8"?>
<testsuite name="QuantityMeasurementTest" tests="1" skipped="0" failures="0" errors="0" timestamp="2020-04-22T20:07:14" hostname="Sagar" time="0.069">
  <properties/>
  <testcase name="given1InchAnd1Yard_ByComparingLength_ShouldReturnNotEquals" classname="QuantityMeasurementTest" time="0.069"/>
  <system-out><![CDATA[]]></system-out>
  <system-err><![CDATA[]]></system-err>
</testsuite>
