<?xml version="1.0" encoding="UTF-8"?>
<testsuite name="FeetTest" tests="1" skipped="0" failures="0" errors="0" timestamp="2020-04-21T18:26:42" hostname="Sagar" time="0.045">
  <properties/>
  <testcase name="given1InchAnd1Feet_ShouldReturnNotEquals" classname="FeetTest" time="0.045"/>
  <system-out><![CDATA[]]></system-out>
  <system-err><![CDATA[]]></system-err>
</testsuite>
