<?xml version="1.0" encoding="UTF-8"?>
<testsuite name="FeetTest" tests="1" skipped="0" failures="0" errors="0" timestamp="2020-04-21T16:31:48" hostname="Sagar" time="0.006">
  <properties/>
  <testcase name="givenStringAndFeet_ShouldReturnTrue" classname="FeetTest" time="0.006"/>
  <system-out><![CDATA[]]></system-out>
  <system-err><![CDATA[]]></system-err>
</testsuite>
