<?xml version="1.0" encoding="UTF-8"?>
<testsuite name="QuantityMeasurementTest" tests="1" skipped="0" failures="0" errors="0" timestamp="2020-04-22T20:16:04" hostname="Sagar" time="0.006">
  <properties/>
  <testcase name="given1YardAnd3Feet_ByComparingLength_ShouldReturnEquals" classname="QuantityMeasurementTest" time="0.006"/>
  <system-out><![CDATA[]]></system-out>
  <system-err><![CDATA[]]></system-err>
</testsuite>
