<?xml version="1.0" encoding="UTF-8"?>
<testsuite name="QuantityMeasurementTest" tests="1" skipped="0" failures="0" errors="0" timestamp="2020-04-24T07:40:40" hostname="Sagar" time="0.085">
  <properties/>
  <testcase name="given1TonneAnd1000Grams_ShouldReturn1001Kg" classname="QuantityMeasurementTest" time="0.085"/>
  <system-out><![CDATA[]]></system-out>
  <system-err><![CDATA[]]></system-err>
</testsuite>
