<?xml version="1.0" encoding="UTF-8"?>
<testsuite name="FeetTest" tests="1" skipped="0" failures="0" errors="0" timestamp="2020-04-21T18:12:45" hostname="Sagar" time="0.008">
  <properties/>
  <testcase name="given0FeetAnd0Inch_ShouldReturnNotEquals" classname="FeetTest" time="0.008"/>
  <system-out><![CDATA[]]></system-out>
  <system-err><![CDATA[]]></system-err>
</testsuite>
