<?xml version="1.0" encoding="UTF-8"?>
<testsuite name="FeetTest" tests="1" skipped="0" failures="0" errors="0" timestamp="2020-04-21T16:54:58" hostname="Sagar" time="0.022">
  <properties/>
  <testcase name="givenInchNullObject_ShouldReturnFalse" classname="FeetTest" time="0.022"/>
  <system-out><![CDATA[]]></system-out>
  <system-err><![CDATA[]]></system-err>
</testsuite>
