<?xml version="1.0" encoding="UTF-8"?>
<testsuite name="QuantityMeasurementTest" tests="36" skipped="0" failures="0" errors="0" timestamp="2020-04-24T19:44:36" hostname="Sagar" time="0.165">
  <properties/>
  <testcase name="given0InchAnd1Inch_ShouldReturnNotEquals" classname="QuantityMeasurementTest" time="0.052"/>
  <testcase name="given1TonneAnd1000Grams_ShouldReturn1001Kg" classname="QuantityMeasurementTest" time="0.04"/>
  <testcase name="given1InchAnd2InchType_ShouldReturnFalse" classname="QuantityMeasurementTest" time="0.001"/>
  <testcase name="given0InchAnd0Inch_ShouldReturnEqual" classname="QuantityMeasurementTest" time="0.0"/>
  <testcase name="given1YardAnd3Feet_ByComparingLength_ShouldReturnEquals" classname="QuantityMeasurementTest" time="0.0"/>
  <testcase name="given1FeetAnd1Yard_ByComparingLength_ShouldReturnNotEquals" classname="QuantityMeasurementTest" time="0.0"/>
  <testcase name="givenNegativeLength_ShouldThrowException" classname="QuantityMeasurementTest" time="0.037"/>
  <testcase name="given1InchAnd1Yard_ByComparingLength_ShouldReturnNotEquals" classname="QuantityMeasurementTest" time="0.0"/>
  <testcase name="given1FeetAnd1Inch_ShouldReturnNotEquals" classname="QuantityMeasurementTest" time="0.0"/>
  <testcase name="given2InchAnd5Cm_ByComparingLength_ShouldReturnEquals" classname="QuantityMeasurementTest" time="0.0"/>
  <testcase name="given1FeetAnd2Inch_ShouldReturn14Inch" classname="QuantityMeasurementTest" time="0.0"/>
  <testcase name="given0FeetAnd0Feet_ShouldReturnEquals" classname="QuantityMeasurementTest" time="0.0"/>
  <testcase name="given1litresAnd1000Ml_ShouldReturn2Litres" classname="QuantityMeasurementTest" time="0.001"/>
  <testcase name="given1FeetAnd1Inch_ByComparingLength_ShouldReturnNotEquals" classname="QuantityMeasurementTest" time="0.0"/>
  <testcase name="given1FeetAnd2FeetNull_ShouldReturnFalse" classname="QuantityMeasurementTest" time="0.0"/>
  <testcase name="given1InchAnd2InchReference_ShouldReturnTrue" classname="QuantityMeasurementTest" time="0.001"/>
  <testcase name="given1FeetAnd2FeetReference_ShouldReturnTrue" classname="QuantityMeasurementTest" time="0.001"/>
  <testcase name="given1YardAnd36Inch_ByComparingLength_ShouldReturnEquals" classname="QuantityMeasurementTest" time="0.001"/>
  <testcase name="given1GallonAnd3Point78Litres_ShouldReturnEqual" classname="QuantityMeasurementTest" time="0.0"/>
  <testcase name="given1LitreAnd1000Ml_ShouldReturnEqual" classname="QuantityMeasurementTest" time="0.0"/>
  <testcase name="given1InchAnd12Feet_ByComparingLength_ShouldReturnNotEquals" classname="QuantityMeasurementTest" time="0.0"/>
  <testcase name="given1KgAnd1000Grams_ShouldReturnEqual" classname="QuantityMeasurementTest" time="0.0"/>
  <testcase name="given0FeetAnd0Inch_ShouldReturnNotEquals" classname="QuantityMeasurementTest" time="0.0"/>
  <testcase name="given0FeetAnd1Feet_ShouldReturnNotEquals" classname="QuantityMeasurementTest" time="0.0"/>
  <testcase name="givenLitreAndFeet_ShouldThrowException" classname="QuantityMeasurementTest" time="0.001"/>
  <testcase name="given3FeetAnd1Yard_ByComparingLength_ShouldReturnEquals" classname="QuantityMeasurementTest" time="0.0"/>
  <testcase name="given1FeetAnd1Feet_ShouldReturn24Inch" classname="QuantityMeasurementTest" time="0.0"/>
  <testcase name="given1InchAnd1Feet_ByComparingLength_ShouldReturnNotEquals" classname="QuantityMeasurementTest" time="0.0"/>
  <testcase name="given1InchAnd2InchNull_ShouldReturnFalse" classname="QuantityMeasurementTest" time="0.0"/>
  <testcase name="given36InchAnd1Yard_ByComparingLength_ShouldReturnEquals" classname="QuantityMeasurementTest" time="0.0"/>
  <testcase name="given1FeetAnd2FeetType_ShouldReturnFalse" classname="QuantityMeasurementTest" time="0.0"/>
  <testcase name="given2InchAnd2Inch_ShouldReturn4Inch" classname="QuantityMeasurementTest" time="0.0"/>
  <testcase name="given1TonneAnd1000Kg_ShouldReturnEqual" classname="QuantityMeasurementTest" time="0.001"/>
  <testcase name="given2InchAnd2Point5Cm_ShouldReturn3Inch" classname="QuantityMeasurementTest" time="0.0"/>
  <testcase name="given1FeetAnd12Inch_ByComparingLength_ShouldReturnNotEquals" classname="QuantityMeasurementTest" time="0.0"/>
  <testcase name="given212FahrenheitAnd100Celsius_ByComparingLength_ShouldReturnEquals" classname="QuantityMeasurementTest" time="0.001"/>
  <system-out><![CDATA[]]></system-out>
  <system-err><![CDATA[]]></system-err>
</testsuite>
