<?xml version="1.0" encoding="UTF-8"?>
<testsuite name="QuantityMeasurementTest" tests="1" skipped="0" failures="0" errors="0" timestamp="2020-04-24T06:56:21" hostname="Sagar" time="0.057">
  <properties/>
  <testcase name="given1litresAnd1000Ml_ShouldReturn2Litres" classname="QuantityMeasurementTest" time="0.057"/>
  <system-out><![CDATA[]]></system-out>
  <system-err><![CDATA[]]></system-err>
</testsuite>
